<?xml version="1.0" encoding="UTF-8"?>
<testng-results ignored="0" total="5" passed="5" failed="0" skipped="0">
  <reporter-output>
  </reporter-output>
  <suite started-at="2023-08-31T17:14:18 IST" name="SeparateTestSuites" finished-at="2023-08-31T17:16:39 IST" duration-ms="140395">
    <groups>
    </groups>
    <test started-at="2023-08-31T17:14:18 IST" name="NegativeLoginTests" finished-at="2023-08-31T17:16:39 IST" duration-ms="140395">
      <class name="com.herokuapp.theinternet.loginpagetests.NegativeLoginTests">
        <test-method is-config="true" signature="setUp(java.lang.String,org.testng.ITestContext)[pri:0, instance:com.herokuapp.theinternet.loginpagetests.NegativeLoginTests@3270d194]" started-at="2023-08-31T17:14:19 IST" name="setUp" finished-at="2023-08-31T17:15:21 IST" duration-ms="62028" status="PASS">
          <params>
            <param index="0">
              <value>
                <![CDATA[chrome]]>
              </value>
            </param>
            <param index="1">
              <value>
                <![CDATA[org.testng.TestRunner@76ed1b7c]]>
              </value>
            </param>
          </params>
          <reporter-output>
          </reporter-output>
        </test-method> <!-- setUp -->
        <test-method signature="negativeLoginTest(java.util.Map)[pri:2, instance:com.herokuapp.theinternet.loginpagetests.NegativeLoginTests@3270d194]" started-at="2023-08-31T17:15:21 IST" name="negativeLoginTest" data-provider="csvReader" finished-at="2023-08-31T17:15:38 IST" duration-ms="17438" status="PASS">
          <params>
            <param index="0">
              <value>
                <![CDATA[{no=1, description=incorrect username, password=SuperSecretPassword!, expectedMessage=Your username is invalid!, username=incorrect}]]>
              </value>
            </param>
          </params>
          <reporter-output>
          </reporter-output>
        </test-method> <!-- negativeLoginTest -->
        <test-method is-config="true" signature="tearDown()[pri:0, instance:com.herokuapp.theinternet.loginpagetests.NegativeLoginTests@3270d194]" started-at="2023-08-31T17:15:38 IST" name="tearDown" finished-at="2023-08-31T17:15:39 IST" duration-ms="738" status="PASS">
          <reporter-output>
          </reporter-output>
        </test-method> <!-- tearDown -->
        <test-method is-config="true" signature="setUp(java.lang.String,org.testng.ITestContext)[pri:0, instance:com.herokuapp.theinternet.loginpagetests.NegativeLoginTests@3270d194]" started-at="2023-08-31T17:15:39 IST" name="setUp" finished-at="2023-08-31T17:15:55 IST" duration-ms="16153" status="PASS">
          <params>
            <param index="0">
              <value>
                <![CDATA[chrome]]>
              </value>
            </param>
            <param index="1">
              <value>
                <![CDATA[org.testng.TestRunner@76ed1b7c]]>
              </value>
            </param>
          </params>
          <reporter-output>
          </reporter-output>
        </test-method> <!-- setUp -->
        <test-method signature="negativeLoginTest(java.util.Map)[pri:2, instance:com.herokuapp.theinternet.loginpagetests.NegativeLoginTests@3270d194]" started-at="2023-08-31T17:15:55 IST" name="negativeLoginTest" data-provider="csvReader" finished-at="2023-08-31T17:16:03 IST" duration-ms="7977" status="PASS">
          <params>
            <param index="0">
              <value>
                <![CDATA[{no=2, description=incorrect password, password=incorrect, expectedMessage=Your password is invalid!, username=tomsmith}]]>
              </value>
            </param>
          </params>
          <reporter-output>
          </reporter-output>
        </test-method> <!-- negativeLoginTest -->
        <test-method is-config="true" signature="tearDown()[pri:0, instance:com.herokuapp.theinternet.loginpagetests.NegativeLoginTests@3270d194]" started-at="2023-08-31T17:16:03 IST" name="tearDown" finished-at="2023-08-31T17:16:03 IST" duration-ms="301" status="PASS">
          <reporter-output>
          </reporter-output>
        </test-method> <!-- tearDown -->
        <test-method is-config="true" signature="setUp(java.lang.String,org.testng.ITestContext)[pri:0, instance:com.herokuapp.theinternet.loginpagetests.NegativeLoginTests@3270d194]" started-at="2023-08-31T17:16:03 IST" name="setUp" finished-at="2023-08-31T17:16:05 IST" duration-ms="1564" status="PASS">
          <params>
            <param index="0">
              <value>
                <![CDATA[chrome]]>
              </value>
            </param>
            <param index="1">
              <value>
                <![CDATA[org.testng.TestRunner@76ed1b7c]]>
              </value>
            </param>
          </params>
          <reporter-output>
          </reporter-output>
        </test-method> <!-- setUp -->
        <test-method signature="negativeLoginTest(java.util.Map)[pri:2, instance:com.herokuapp.theinternet.loginpagetests.NegativeLoginTests@3270d194]" started-at="2023-08-31T17:16:05 IST" name="negativeLoginTest" data-provider="csvReader" finished-at="2023-08-31T17:16:12 IST" duration-ms="7184" status="PASS">
          <params>
            <param index="0">
              <value>
                <![CDATA[{no=3, description=incorrect username and password, password=incorrectPassword, expectedMessage=Your username is invalid!, username=incorrectUsername}]]>
              </value>
            </param>
          </params>
          <reporter-output>
          </reporter-output>
        </test-method> <!-- negativeLoginTest -->
        <test-method is-config="true" signature="tearDown()[pri:0, instance:com.herokuapp.theinternet.loginpagetests.NegativeLoginTests@3270d194]" started-at="2023-08-31T17:16:12 IST" name="tearDown" finished-at="2023-08-31T17:16:12 IST" duration-ms="300" status="PASS">
          <reporter-output>
          </reporter-output>
        </test-method> <!-- tearDown -->
        <test-method is-config="true" signature="setUp(java.lang.String,org.testng.ITestContext)[pri:0, instance:com.herokuapp.theinternet.loginpagetests.NegativeLoginTests@3270d194]" started-at="2023-08-31T17:16:12 IST" name="setUp" finished-at="2023-08-31T17:16:16 IST" duration-ms="4159" status="PASS">
          <params>
            <param index="0">
              <value>
                <![CDATA[chrome]]>
              </value>
            </param>
            <param index="1">
              <value>
                <![CDATA[org.testng.TestRunner@76ed1b7c]]>
              </value>
            </param>
          </params>
          <reporter-output>
          </reporter-output>
        </test-method> <!-- setUp -->
        <test-method signature="negativeLoginTest(java.util.Map)[pri:2, instance:com.herokuapp.theinternet.loginpagetests.NegativeLoginTests@3270d194]" started-at="2023-08-31T17:16:16 IST" name="negativeLoginTest" data-provider="csvReader" finished-at="2023-08-31T17:16:27 IST" duration-ms="10664" status="PASS">
          <params>
            <param index="0">
              <value>
                <![CDATA[{no=4, description=empty username, password=SuperSecretPassword!, expectedMessage=Your username is invalid!, username=}]]>
              </value>
            </param>
          </params>
          <reporter-output>
          </reporter-output>
        </test-method> <!-- negativeLoginTest -->
        <test-method is-config="true" signature="tearDown()[pri:0, instance:com.herokuapp.theinternet.loginpagetests.NegativeLoginTests@3270d194]" started-at="2023-08-31T17:16:27 IST" name="tearDown" finished-at="2023-08-31T17:16:28 IST" duration-ms="445" status="PASS">
          <reporter-output>
          </reporter-output>
        </test-method> <!-- tearDown -->
        <test-method is-config="true" signature="setUp(java.lang.String,org.testng.ITestContext)[pri:0, instance:com.herokuapp.theinternet.loginpagetests.NegativeLoginTests@3270d194]" started-at="2023-08-31T17:16:28 IST" name="setUp" finished-at="2023-08-31T17:16:30 IST" duration-ms="2979" status="PASS">
          <params>
            <param index="0">
              <value>
                <![CDATA[chrome]]>
              </value>
            </param>
            <param index="1">
              <value>
                <![CDATA[org.testng.TestRunner@76ed1b7c]]>
              </value>
            </param>
          </params>
          <reporter-output>
          </reporter-output>
        </test-method> <!-- setUp -->
        <test-method signature="negativeLoginTest(java.util.Map)[pri:2, instance:com.herokuapp.theinternet.loginpagetests.NegativeLoginTests@3270d194]" started-at="2023-08-31T17:16:30 IST" name="negativeLoginTest" data-provider="csvReader" finished-at="2023-08-31T17:16:38 IST" duration-ms="7940" status="PASS">
          <params>
            <param index="0">
              <value>
                <![CDATA[{no=5, description=empty password, password=, expectedMessage=Your password is invalid!, username=tomsmith}]]>
              </value>
            </param>
          </params>
          <reporter-output>
          </reporter-output>
        </test-method> <!-- negativeLoginTest -->
        <test-method is-config="true" signature="tearDown()[pri:0, instance:com.herokuapp.theinternet.loginpagetests.NegativeLoginTests@3270d194]" started-at="2023-08-31T17:16:38 IST" name="tearDown" finished-at="2023-08-31T17:16:39 IST" duration-ms="286" status="PASS">
          <reporter-output>
          </reporter-output>
        </test-method> <!-- tearDown -->
      </class> <!-- com.herokuapp.theinternet.loginpagetests.NegativeLoginTests -->
    </test> <!-- NegativeLoginTests -->
  </suite> <!-- SeparateTestSuites -->
</testng-results>
